This file contains any messages produced by compilers while
running configure, to aid debugging if configure makes a mistake.

It was created by LHAPDF configure 5.8.8, which was
generated by GNU Autoconf 2.61.  Invocation command line was

  $ ./configure --prefix=/home/antonk/lha/lhapdf-5.8.8/../LHAPDF --disable-octave --disable-doxygen --disable-pyext --disable-old-ccwrap --disable-lhaglue --with-max-num-pdfsets=4 --enable-pdfsets=cteq,nnpdf,mstw,hera --enable-low-memory

## --------- ##
## Platform. ##
## --------- ##

hostname = uct3-s3.uchicago.edu
uname -m = x86_64
uname -r = 2.6.36-UL5
uname -s = Linux
uname -v = #1 SMP Wed Mar 30 15:46:43 CDT 2011

/usr/bin/uname -p = unknown
/bin/uname -X     = unknown

/bin/arch              = x86_64
/usr/bin/arch -k       = unknown
/usr/convex/getsysinfo = unknown
/usr/bin/hostinfo      = unknown
/bin/machine           = unknown
/usr/bin/oslevel       = unknown
/bin/universe          = unknown

PATH: /share/ftkdata/software/texlive/2011/bin/x86_64-linux/
PATH: /home/antonk/TrigFTKAna/CommonAnalysis/RootCore/bin
PATH: /cvmfs/atlas.cern.ch/repo/sw/software/x86_64-slc5-gcc43-opt/17.6.0/AtlasProduction/17.6.0.1/InstallArea/share/bin
PATH: /cvmfs/atlas.cern.ch/repo/sw/software/x86_64-slc5-gcc43-opt/17.6.0/AtlasOffline/17.6.0/InstallArea/share/bin
PATH: /cvmfs/atlas.cern.ch/repo/sw/software/x86_64-slc5-gcc43-opt/17.6.0/AtlasAnalysis/17.6.0/InstallArea/share/bin
PATH: /cvmfs/atlas.cern.ch/repo/sw/software/x86_64-slc5-gcc43-opt/17.6.0/AtlasSimulation/17.6.0/InstallArea/share/bin
PATH: /cvmfs/atlas.cern.ch/repo/sw/software/x86_64-slc5-gcc43-opt/17.6.0/AtlasTrigger/17.6.0/InstallArea/share/bin
PATH: /cvmfs/atlas.cern.ch/repo/sw/software/x86_64-slc5-gcc43-opt/17.6.0/AtlasReconstruction/17.6.0/InstallArea/share/bin
PATH: /cvmfs/atlas.cern.ch/repo/sw/software/x86_64-slc5-gcc43-opt/17.6.0/AtlasEvent/17.6.0/InstallArea/share/bin
PATH: /cvmfs/atlas.cern.ch/repo/sw/software/x86_64-slc5-gcc43-opt/17.6.0/AtlasConditions/17.6.0/InstallArea/share/bin
PATH: /cvmfs/atlas.cern.ch/repo/sw/software/x86_64-slc5-gcc43-opt/17.6.0/AtlasCore/17.6.0/InstallArea/share/bin
PATH: /cvmfs/atlas.cern.ch/repo/sw/software/x86_64-slc5-gcc43-opt/17.6.0/DetCommon/17.6.0/InstallArea/share/bin
PATH: /cvmfs/atlas.cern.ch/repo/sw/software/x86_64-slc5-gcc43-opt/17.6.0/GAUDI/v22r1p9-lcg63/InstallArea/scripts
PATH: /cvmfs/atlas.cern.ch/repo/sw/software/x86_64-slc5-gcc43-opt/17.6.0/AtlasAnalysis/17.6.0/InstallArea/x86_64-slc5-gcc43-opt/bin
PATH: /cvmfs/atlas.cern.ch/repo/sw/software/x86_64-slc5-gcc43-opt/17.6.0/AtlasSimulation/17.6.0/InstallArea/x86_64-slc5-gcc43-opt/bin
PATH: /cvmfs/atlas.cern.ch/repo/sw/software/x86_64-slc5-gcc43-opt/17.6.0/AtlasTrigger/17.6.0/InstallArea/x86_64-slc5-gcc43-opt/bin
PATH: /cvmfs/atlas.cern.ch/repo/sw/software/x86_64-slc5-gcc43-opt/17.6.0/AtlasReconstruction/17.6.0/InstallArea/x86_64-slc5-gcc43-opt/bin
PATH: /cvmfs/atlas.cern.ch/repo/sw/software/x86_64-slc5-gcc43-opt/17.6.0/AtlasEvent/17.6.0/InstallArea/x86_64-slc5-gcc43-opt/bin
PATH: /cvmfs/atlas.cern.ch/repo/sw/software/x86_64-slc5-gcc43-opt/17.6.0/AtlasConditions/17.6.0/InstallArea/x86_64-slc5-gcc43-opt/bin
PATH: /cvmfs/atlas.cern.ch/repo/sw/software/x86_64-slc5-gcc43-opt/17.6.0/AtlasCore/17.6.0/InstallArea/x86_64-slc5-gcc43-opt/bin
PATH: /cvmfs/atlas.cern.ch/repo/sw/software/x86_64-slc5-gcc43-opt/17.6.0/DetCommon/17.6.0/InstallArea/x86_64-slc5-gcc43-opt/bin
PATH: /cvmfs/atlas.cern.ch/repo/sw/software/x86_64-slc5-gcc43-opt/17.6.0/GAUDI/v22r1p9-lcg63/InstallArea/x86_64-slc5-gcc43-opt/bin
PATH: /cvmfs/atlas.cern.ch/repo/sw/software/x86_64-slc5-gcc43-opt/17.6.0/LCGCMT/LCGCMT_63/InstallArea/x86_64-slc5-gcc43-opt/bin
PATH: /cvmfs/atlas.cern.ch/repo/sw/software/x86_64-slc5-gcc43-opt/17.6.0/sw/lcg/external/valgrind/3.5.0/x86_64-slc5-gcc43-opt/bin
PATH: /cvmfs/atlas.cern.ch/repo/sw/software/x86_64-slc5-gcc43-opt/17.6.0/sw/lcg/external/sqlite/3070900/x86_64-slc5-gcc43-opt/bin
PATH: /cvmfs/atlas.cern.ch/repo/sw/software/x86_64-slc5-gcc43-opt/17.6.0/sw/lcg/external/qt/4.7.4/x86_64-slc5-gcc43-opt/bin
PATH: /cvmfs/atlas.cern.ch/repo/sw/software/x86_64-slc5-gcc43-opt/17.6.0/sw/lcg/external/pygraphics/1.2p1_python2.6/x86_64-slc5-gcc43-opt/bin
PATH: /cvmfs/atlas.cern.ch/repo/sw/software/x86_64-slc5-gcc43-opt/17.6.0/sw/lcg/external/Java/Ant/1.7.0/share/bin
PATH: /cvmfs/atlas.cern.ch/repo/sw/software/x86_64-slc5-gcc43-opt/17.6.0/sw/lcg/external/pytools/1.7_python2.6/x86_64-slc5-gcc43-opt/bin
PATH: /cvmfs/atlas.cern.ch/repo/sw/software/x86_64-slc5-gcc43-opt/17.6.0/sw/lcg/external/oracle/11.2.0.1.0p3/x86_64-slc5-gcc43-opt/bin
PATH: /cvmfs/atlas.cern.ch/repo/sw/software/x86_64-slc5-gcc43-opt/17.6.0/sw/lcg/app/releases/COOL/COOL_2_8_14/x86_64-slc5-gcc43-opt/bin
PATH: /cvmfs/atlas.cern.ch/repo/sw/software/x86_64-slc5-gcc43-opt/17.6.0/sw/lcg/app/releases/CORAL/CORAL_2_3_23/x86_64-slc5-gcc43-opt/bin
PATH: /cvmfs/atlas.cern.ch/repo/sw/software/x86_64-slc5-gcc43-opt/17.6.0/sw/lcg/app/releases/ROOT/5.34.00/x86_64-slc5-gcc43-opt/root/bin
PATH: /cvmfs/atlas.cern.ch/repo/sw/software/x86_64-slc5-gcc43-opt/17.6.0/sw/lcg/external/xrootd/3.1.0p2/x86_64-slc5-gcc43-opt/bin
PATH: /cvmfs/atlas.cern.ch/repo/sw/software/x86_64-slc5-gcc43-opt/17.6.0/sw/lcg/external/gccxml/0.9.0_20110825/x86_64-slc5-gcc43-opt/bin
PATH: /cvmfs/atlas.cern.ch/repo/sw/software/x86_64-slc5-gcc43-opt/17.6.0/sw/lcg/external/Python/2.6.5p2/x86_64-slc5-gcc43-opt/bin
PATH: /cvmfs/atlas.cern.ch/repo/sw/software/x86_64-slc5-gcc43-opt/17.6.0/CMT/v1r25/Linux-x86_64
PATH: /cvmfs/atlas.cern.ch/repo/sw/software/x86_64-slc5-gcc43-opt/17.6.0/AtlasSite/gcc-links/x86_64-slc5-gcc43-opt/bin
PATH: /home/antonk/perl5/bin
PATH: /usr/kerberos/bin
PATH: /usr/local/bin
PATH: /bin
PATH: /usr/bin
PATH: /opt/dell/srvadmin/bin
PATH: /home/antonk/bin
PATH: /cvmfs/atlas.cern.ch/repo/sw/software/x86_64-slc5-gcc43-opt/17.6.0/sw/lcg/external/Java/JDK/1.6.0/amd64/jre/bin
PATH: /cvmfs/atlas.cern.ch/repo/sw/software/x86_64-slc5-gcc43-opt/17.6.0/sw/lcg/external/Java/JDK/1.6.0/amd64/bin
PATH: /cvmfs/atlas.cern.ch/repo/sw/software/x86_64-slc5-gcc43-opt/17.6.0/tdaq-common/tdaq-common-01-20-00/installed/x86_64-slc5-gcc43-opt/bin
PATH: /cvmfs/atlas.cern.ch/repo/sw/software/x86_64-slc5-gcc43-opt/17.6.0/dqm-common/dqm-common-00-20-00/installed/x86_64-slc5-gcc43-opt/bin


## ----------- ##
## Core tests. ##
## ----------- ##

configure:2091: checking for a BSD-compatible install
configure:2147: result: /usr/bin/install -c
configure:2158: checking whether build environment is sane
configure:2201: result: yes
configure:2229: checking for a thread-safe mkdir -p
configure:2268: result: /bin/mkdir -p
configure:2281: checking for gawk
configure:2297: found /bin/gawk
configure:2308: result: gawk
configure:2319: checking whether make sets $(MAKE)
configure:2340: result: yes
configure:2584: checking for sw_vers
configure:2614: result: no
configure:2735: checking for gfortran
configure:2751: found /cvmfs/atlas.cern.ch/repo/sw/software/x86_64-slc5-gcc43-opt/17.6.0/AtlasSite/gcc-links/x86_64-slc5-gcc43-opt/bin/gfortran
configure:2762: result: gfortran
configure:2792: checking for Fortran compiler version
configure:2799: gfortran --version >&5
GNU Fortran (GCC) 4.3.5
Copyright (C) 2008 Free Software Foundation, Inc.

GNU Fortran comes with NO WARRANTY, to the extent permitted by law.
You may redistribute copies of GNU Fortran
under the terms of the GNU General Public License.
For more information about these matters, see the file named COPYING

configure:2802: $? = 0
configure:2809: gfortran -v >&5
Using built-in specs.
Target: x86_64-unknown-linux-gnu
Configured with: /build/hegner/LCGCMT/work/gcc-4.3.5/configure --prefix=/afs/.cern.ch/sw/lcg/contrib/gcc/4.3.5/x86_64-slc5-gcc34-opt --with-mpfr=/afs/.cern.ch/sw/lcg/external/mpfr//x86_64-slc5-gcc34-opt --with-gmp=/afs/.cern.ch/sw/lcg/external/gmp//x86_64-slc5-gcc34-opt --with-mpc=/afs/.cern.ch/sw/lcg/external/mpc//x86_64-slc5-gcc34-opt --enable-lto --with-libelf=/afs/.cern.ch/sw/lcg/external/libelf//x86_64-slc5-gcc34-opt --with-ppl=/afs/.cern.ch/sw/lcg/external/ppl//x86_64-slc5-gcc34-opt --with-cloog=/afs/.cern.ch/sw/lcg/external/cloog-ppl//x86_64-slc5-gcc34-opt --enable-languages=c,c++,fortran
Thread model: posix
gcc version 4.3.5 (GCC) 
configure:2812: $? = 0
configure:2819: gfortran -V >&5
gfortran: '-V' option must have argument
configure:2822: $? = 1
configure:2836: checking for Fortran compiler default output file name
configure:2863: gfortran -O2   conftest.f  >&5
configure:2866: $? = 0
configure:2904: result: a.out
configure:2921: checking whether the Fortran compiler works
configure:2931: ./a.out
configure:2934: $? = 0
configure:2951: result: yes
configure:2958: checking whether we are cross compiling
configure:2960: result: no
configure:2963: checking for suffix of executables
configure:2970: gfortran -o conftest -O2   conftest.f  >&5
configure:2973: $? = 0
configure:2997: result: 
configure:3003: checking for suffix of object files
configure:3019: gfortran -c -O2  conftest.f >&5
configure:3022: $? = 0
configure:3045: result: o
configure:3053: checking whether we are using the GNU Fortran compiler
configure:3072: gfortran -c -O2  conftest.F >&5
configure:3078: $? = 0
configure:3095: result: yes
configure:3101: checking whether gfortran accepts -g
configure:3118: gfortran -c -g  conftest.f >&5
configure:3124: $? = 0
configure:3140: result: yes
configure:3170: checking how to get verbose linking output from gfortran
configure:3186: gfortran -c -O2  conftest.f >&5
configure:3192: $? = 0
configure:3214: gfortran -o conftest -O2 -v conftest.f
Using built-in specs.
Target: x86_64-unknown-linux-gnu
Configured with: /build/hegner/LCGCMT/work/gcc-4.3.5/configure --prefix=/afs/.cern.ch/sw/lcg/contrib/gcc/4.3.5/x86_64-slc5-gcc34-opt --with-mpfr=/afs/.cern.ch/sw/lcg/external/mpfr//x86_64-slc5-gcc34-opt --with-gmp=/afs/.cern.ch/sw/lcg/external/gmp//x86_64-slc5-gcc34-opt --with-mpc=/afs/.cern.ch/sw/lcg/external/mpc//x86_64-slc5-gcc34-opt --enable-lto --with-libelf=/afs/.cern.ch/sw/lcg/external/libelf//x86_64-slc5-gcc34-opt --with-ppl=/afs/.cern.ch/sw/lcg/external/ppl//x86_64-slc5-gcc34-opt --with-cloog=/afs/.cern.ch/sw/lcg/external/cloog-ppl//x86_64-slc5-gcc34-opt --enable-languages=c,c++,fortran
Thread model: posix
gcc version 4.3.5 (GCC) 
COLLECT_GCC_OPTIONS='-o' 'conftest' '-O2' '-v' '-shared-libgcc' '-mtune=generic'
 /cvmfs/atlas.cern.ch/repo/sw/atlas-gcc/435/x86_64/slc5/x86_64-slc5-gcc43-opt/bin/../libexec/gcc/x86_64-unknown-linux-gnu/4.3.5/f951 conftest.f -ffixed-form -quiet -dumpbase conftest.f -mtune=generic -auxbase conftest -O2 -version -fintrinsic-modules-path /cvmfs/atlas.cern.ch/repo/sw/atlas-gcc/435/x86_64/slc5/x86_64-slc5-gcc43-opt/bin/../lib/gcc/x86_64-unknown-linux-gnu/4.3.5/finclude -o /tmp/ccpEU7ng.s
GNU F95 (GCC) version 4.3.5 (x86_64-unknown-linux-gnu)
	compiled by GNU C version 4.3.5, GMP version 4.1.4, MPFR version 2.2.1.
GGC heuristics: --param ggc-min-expand=100 --param ggc-min-heapsize=131072
COLLECT_GCC_OPTIONS='-o' 'conftest' '-O2' '-v' '-shared-libgcc' '-mtune=generic'
 as -V -Qy -o /tmp/ccMicjtm.o /tmp/ccpEU7ng.s
GNU assembler version 2.17.50.0.6-14.el5 (x86_64-redhat-linux) using BFD version 2.17.50.0.6-14.el5 20061020
COMPILER_PATH=/cvmfs/atlas.cern.ch/repo/sw/atlas-gcc/435/x86_64/slc5/x86_64-slc5-gcc43-opt/bin/../libexec/gcc/x86_64-unknown-linux-gnu/4.3.5/:/cvmfs/atlas.cern.ch/repo/sw/atlas-gcc/435/x86_64/slc5/x86_64-slc5-gcc43-opt/bin/../libexec/gcc/
LIBRARY_PATH=/cvmfs/atlas.cern.ch/repo/sw/atlas-gcc/435/x86_64/slc5/x86_64-slc5-gcc43-opt/bin/../lib/gcc/x86_64-unknown-linux-gnu/4.3.5/:/cvmfs/atlas.cern.ch/repo/sw/atlas-gcc/435/x86_64/slc5/x86_64-slc5-gcc43-opt/bin/../lib/gcc/:/cvmfs/atlas.cern.ch/repo/sw/atlas-gcc/435/x86_64/slc5/x86_64-slc5-gcc43-opt/bin/../lib/gcc/x86_64-unknown-linux-gnu/4.3.5/../../../../lib64/:/lib/../lib64/:/usr/lib/../lib64/:/cvmfs/atlas.cern.ch/repo/sw/atlas-gcc/435/x86_64/slc5/x86_64-slc5-gcc43-opt/bin/../lib/gcc/x86_64-unknown-linux-gnu/4.3.5/../../../:/lib/:/usr/lib/
COLLECT_GCC_OPTIONS='-o' 'conftest' '-O2' '-v' '-shared-libgcc' '-mtune=generic'
 /cvmfs/atlas.cern.ch/repo/sw/atlas-gcc/435/x86_64/slc5/x86_64-slc5-gcc43-opt/bin/../libexec/gcc/x86_64-unknown-linux-gnu/4.3.5/collect2 --eh-frame-hdr -m elf_x86_64 -dynamic-linker /lib64/ld-linux-x86-64.so.2 -o conftest /usr/lib/../lib64/crt1.o /usr/lib/../lib64/crti.o /cvmfs/atlas.cern.ch/repo/sw/atlas-gcc/435/x86_64/slc5/x86_64-slc5-gcc43-opt/bin/../lib/gcc/x86_64-unknown-linux-gnu/4.3.5/crtbegin.o -L/cvmfs/atlas.cern.ch/repo/sw/atlas-gcc/435/x86_64/slc5/x86_64-slc5-gcc43-opt/bin/../lib/gcc/x86_64-unknown-linux-gnu/4.3.5 -L/cvmfs/atlas.cern.ch/repo/sw/atlas-gcc/435/x86_64/slc5/x86_64-slc5-gcc43-opt/bin/../lib/gcc -L/cvmfs/atlas.cern.ch/repo/sw/atlas-gcc/435/x86_64/slc5/x86_64-slc5-gcc43-opt/bin/../lib/gcc/x86_64-unknown-linux-gnu/4.3.5/../../../../lib64 -L/lib/../lib64 -L/usr/lib/../lib64 -L/cvmfs/atlas.cern.ch/repo/sw/atlas-gcc/435/x86_64/slc5/x86_64-slc5-gcc43-opt/bin/../lib/gcc/x86_64-unknown-linux-gnu/4.3.5/../../.. /tmp/ccMicjtm.o -lgfortranbegin -lgfortran -lm -lgcc_s -lgcc -lc -lgcc_s -lgcc /cvmfs/atlas.cern.ch/repo/sw/atlas-gcc/435/x86_64/slc5/x86_64-slc5-gcc43-opt/bin/../lib/gcc/x86_64-unknown-linux-gnu/4.3.5/crtend.o /usr/lib/../lib64/crtn.o
configure:3280: result: -v
configure:3282: checking for Fortran libraries of gfortran
configure:3305: gfortran -o conftest -O2 -v conftest.f
Using built-in specs.
Target: x86_64-unknown-linux-gnu
Configured with: /build/hegner/LCGCMT/work/gcc-4.3.5/configure --prefix=/afs/.cern.ch/sw/lcg/contrib/gcc/4.3.5/x86_64-slc5-gcc34-opt --with-mpfr=/afs/.cern.ch/sw/lcg/external/mpfr//x86_64-slc5-gcc34-opt --with-gmp=/afs/.cern.ch/sw/lcg/external/gmp//x86_64-slc5-gcc34-opt --with-mpc=/afs/.cern.ch/sw/lcg/external/mpc//x86_64-slc5-gcc34-opt --enable-lto --with-libelf=/afs/.cern.ch/sw/lcg/external/libelf//x86_64-slc5-gcc34-opt --with-ppl=/afs/.cern.ch/sw/lcg/external/ppl//x86_64-slc5-gcc34-opt --with-cloog=/afs/.cern.ch/sw/lcg/external/cloog-ppl//x86_64-slc5-gcc34-opt --enable-languages=c,c++,fortran
Thread model: posix
gcc version 4.3.5 (GCC) 
COLLECT_GCC_OPTIONS='-o' 'conftest' '-O2' '-v' '-shared-libgcc' '-mtune=generic'
 /cvmfs/atlas.cern.ch/repo/sw/atlas-gcc/435/x86_64/slc5/x86_64-slc5-gcc43-opt/bin/../libexec/gcc/x86_64-unknown-linux-gnu/4.3.5/f951 conftest.f -ffixed-form -quiet -dumpbase conftest.f -mtune=generic -auxbase conftest -O2 -version -fintrinsic-modules-path /cvmfs/atlas.cern.ch/repo/sw/atlas-gcc/435/x86_64/slc5/x86_64-slc5-gcc43-opt/bin/../lib/gcc/x86_64-unknown-linux-gnu/4.3.5/finclude -o /tmp/cckM3nki.s
GNU F95 (GCC) version 4.3.5 (x86_64-unknown-linux-gnu)
	compiled by GNU C version 4.3.5, GMP version 4.1.4, MPFR version 2.2.1.
GGC heuristics: --param ggc-min-expand=100 --param ggc-min-heapsize=131072
COLLECT_GCC_OPTIONS='-o' 'conftest' '-O2' '-v' '-shared-libgcc' '-mtune=generic'
 as -V -Qy -o /tmp/ccqsuZot.o /tmp/cckM3nki.s
GNU assembler version 2.17.50.0.6-14.el5 (x86_64-redhat-linux) using BFD version 2.17.50.0.6-14.el5 20061020
COMPILER_PATH=/cvmfs/atlas.cern.ch/repo/sw/atlas-gcc/435/x86_64/slc5/x86_64-slc5-gcc43-opt/bin/../libexec/gcc/x86_64-unknown-linux-gnu/4.3.5/:/cvmfs/atlas.cern.ch/repo/sw/atlas-gcc/435/x86_64/slc5/x86_64-slc5-gcc43-opt/bin/../libexec/gcc/
LIBRARY_PATH=/cvmfs/atlas.cern.ch/repo/sw/atlas-gcc/435/x86_64/slc5/x86_64-slc5-gcc43-opt/bin/../lib/gcc/x86_64-unknown-linux-gnu/4.3.5/:/cvmfs/atlas.cern.ch/repo/sw/atlas-gcc/435/x86_64/slc5/x86_64-slc5-gcc43-opt/bin/../lib/gcc/:/cvmfs/atlas.cern.ch/repo/sw/atlas-gcc/435/x86_64/slc5/x86_64-slc5-gcc43-opt/bin/../lib/gcc/x86_64-unknown-linux-gnu/4.3.5/../../../../lib64/:/lib/../lib64/:/usr/lib/../lib64/:/cvmfs/atlas.cern.ch/repo/sw/atlas-gcc/435/x86_64/slc5/x86_64-slc5-gcc43-opt/bin/../lib/gcc/x86_64-unknown-linux-gnu/4.3.5/../../../:/lib/:/usr/lib/
COLLECT_GCC_OPTIONS='-o' 'conftest' '-O2' '-v' '-shared-libgcc' '-mtune=generic'
 /cvmfs/atlas.cern.ch/repo/sw/atlas-gcc/435/x86_64/slc5/x86_64-slc5-gcc43-opt/bin/../libexec/gcc/x86_64-unknown-linux-gnu/4.3.5/collect2 --eh-frame-hdr -m elf_x86_64 -dynamic-linker /lib64/ld-linux-x86-64.so.2 -o conftest /usr/lib/../lib64/crt1.o /usr/lib/../lib64/crti.o /cvmfs/atlas.cern.ch/repo/sw/atlas-gcc/435/x86_64/slc5/x86_64-slc5-gcc43-opt/bin/../lib/gcc/x86_64-unknown-linux-gnu/4.3.5/crtbegin.o -L/cvmfs/atlas.cern.ch/repo/sw/atlas-gcc/435/x86_64/slc5/x86_64-slc5-gcc43-opt/bin/../lib/gcc/x86_64-unknown-linux-gnu/4.3.5 -L/cvmfs/atlas.cern.ch/repo/sw/atlas-gcc/435/x86_64/slc5/x86_64-slc5-gcc43-opt/bin/../lib/gcc -L/cvmfs/atlas.cern.ch/repo/sw/atlas-gcc/435/x86_64/slc5/x86_64-slc5-gcc43-opt/bin/../lib/gcc/x86_64-unknown-linux-gnu/4.3.5/../../../../lib64 -L/lib/../lib64 -L/usr/lib/../lib64 -L/cvmfs/atlas.cern.ch/repo/sw/atlas-gcc/435/x86_64/slc5/x86_64-slc5-gcc43-opt/bin/../lib/gcc/x86_64-unknown-linux-gnu/4.3.5/../../.. /tmp/ccqsuZot.o -lgfortranbegin -lgfortran -lm -lgcc_s -lgcc -lc -lgcc_s -lgcc /cvmfs/atlas.cern.ch/repo/sw/atlas-gcc/435/x86_64/slc5/x86_64-slc5-gcc43-opt/bin/../lib/gcc/x86_64-unknown-linux-gnu/4.3.5/crtend.o /usr/lib/../lib64/crtn.o
configure:3479: result:  -L/cvmfs/atlas.cern.ch/repo/sw/atlas-gcc/435/x86_64/slc5/x86_64-slc5-gcc43-opt/bin/../lib/gcc/x86_64-unknown-linux-gnu/4.3.5 -L/cvmfs/atlas.cern.ch/repo/sw/atlas-gcc/435/x86_64/slc5/x86_64-slc5-gcc43-opt/bin/../lib/gcc -L/cvmfs/atlas.cern.ch/repo/sw/atlas-gcc/435/x86_64/slc5/x86_64-slc5-gcc43-opt/bin/../lib/gcc/x86_64-unknown-linux-gnu/4.3.5/../../../../lib64 -L/lib/../lib64 -L/usr/lib/../lib64 -L/cvmfs/atlas.cern.ch/repo/sw/atlas-gcc/435/x86_64/slc5/x86_64-slc5-gcc43-opt/bin/../lib/gcc/x86_64-unknown-linux-gnu/4.3.5/../../.. -lgfortranbegin -lgfortran -lm
configure:3502: checking for style of include used by make
configure:3530: result: GNU
configure:3600: checking for gcc
configure:3616: found /cvmfs/atlas.cern.ch/repo/sw/software/x86_64-slc5-gcc43-opt/17.6.0/AtlasSite/gcc-links/x86_64-slc5-gcc43-opt/bin/gcc
configure:3627: result: gcc
configure:3865: checking for C compiler version
configure:3872: gcc --version >&5
gcc (GCC) 4.3.5
Copyright (C) 2008 Free Software Foundation, Inc.
This is free software; see the source for copying conditions.  There is NO
warranty; not even for MERCHANTABILITY or FITNESS FOR A PARTICULAR PURPOSE.

configure:3875: $? = 0
configure:3882: gcc -v >&5
Using built-in specs.
Target: x86_64-unknown-linux-gnu
Configured with: /build/hegner/LCGCMT/work/gcc-4.3.5/configure --prefix=/afs/.cern.ch/sw/lcg/contrib/gcc/4.3.5/x86_64-slc5-gcc34-opt --with-mpfr=/afs/.cern.ch/sw/lcg/external/mpfr//x86_64-slc5-gcc34-opt --with-gmp=/afs/.cern.ch/sw/lcg/external/gmp//x86_64-slc5-gcc34-opt --with-mpc=/afs/.cern.ch/sw/lcg/external/mpc//x86_64-slc5-gcc34-opt --enable-lto --with-libelf=/afs/.cern.ch/sw/lcg/external/libelf//x86_64-slc5-gcc34-opt --with-ppl=/afs/.cern.ch/sw/lcg/external/ppl//x86_64-slc5-gcc34-opt --with-cloog=/afs/.cern.ch/sw/lcg/external/cloog-ppl//x86_64-slc5-gcc34-opt --enable-languages=c,c++,fortran
Thread model: posix
gcc version 4.3.5 (GCC) 
configure:3885: $? = 0
configure:3892: gcc -V >&5
gcc: '-V' option must have argument
configure:3895: $? = 1
configure:3898: checking whether we are using the GNU C compiler
configure:3935: gcc -c   conftest.c >&5
configure:3941: $? = 0
configure:3958: result: yes
configure:3963: checking whether gcc accepts -g
configure:4001: gcc -c -g  conftest.c >&5
configure:4007: $? = 0
configure:4122: result: yes
configure:4139: checking for gcc option to accept ISO C89
configure:4221: gcc  -c -g -O2  conftest.c >&5
configure:4227: $? = 0
configure:4250: result: none needed
configure:4270: checking dependency style of gcc
configure:4361: result: gcc3
configure:4382: checking for dummy main to link with Fortran libraries
configure:4426: gcc -o conftest -g -O2   conftest.c   -L/cvmfs/atlas.cern.ch/repo/sw/atlas-gcc/435/x86_64/slc5/x86_64-slc5-gcc43-opt/bin/../lib/gcc/x86_64-unknown-linux-gnu/4.3.5 -L/cvmfs/atlas.cern.ch/repo/sw/atlas-gcc/435/x86_64/slc5/x86_64-slc5-gcc43-opt/bin/../lib/gcc -L/cvmfs/atlas.cern.ch/repo/sw/atlas-gcc/435/x86_64/slc5/x86_64-slc5-gcc43-opt/bin/../lib/gcc/x86_64-unknown-linux-gnu/4.3.5/../../../../lib64 -L/lib/../lib64 -L/usr/lib/../lib64 -L/cvmfs/atlas.cern.ch/repo/sw/atlas-gcc/435/x86_64/slc5/x86_64-slc5-gcc43-opt/bin/../lib/gcc/x86_64-unknown-linux-gnu/4.3.5/../../.. -lgfortranbegin -lgfortran -lm >&5
configure:4432: $? = 0
configure:4513: result: none
configure:4550: checking for Fortran name-mangling scheme
configure:4569: gfortran -c -O2  conftest.f >&5
configure:4575: $? = 0
configure:4630: gcc -o conftest -g -O2   conftest.c cfortran_test.o   -L/cvmfs/atlas.cern.ch/repo/sw/atlas-gcc/435/x86_64/slc5/x86_64-slc5-gcc43-opt/bin/../lib/gcc/x86_64-unknown-linux-gnu/4.3.5 -L/cvmfs/atlas.cern.ch/repo/sw/atlas-gcc/435/x86_64/slc5/x86_64-slc5-gcc43-opt/bin/../lib/gcc -L/cvmfs/atlas.cern.ch/repo/sw/atlas-gcc/435/x86_64/slc5/x86_64-slc5-gcc43-opt/bin/../lib/gcc/x86_64-unknown-linux-gnu/4.3.5/../../../../lib64 -L/lib/../lib64 -L/usr/lib/../lib64 -L/cvmfs/atlas.cern.ch/repo/sw/atlas-gcc/435/x86_64/slc5/x86_64-slc5-gcc43-opt/bin/../lib/gcc/x86_64-unknown-linux-gnu/4.3.5/../../.. -lgfortranbegin -lgfortran -lm >&5
/tmp/ccSxfuwH.o: In function `main':
/home/antonk/lha/lhapdf-5.8.8/conftest.c:30: undefined reference to `foobar'
collect2: ld returned 1 exit status
configure:4636: $? = 1
configure: failed program was:
| /* confdefs.h.  */
| #define PACKAGE_NAME "LHAPDF"
| #define PACKAGE_TARNAME "lhapdf"
| #define PACKAGE_VERSION "5.8.8"
| #define PACKAGE_STRING "LHAPDF 5.8.8"
| #define PACKAGE_BUGREPORT "lhapdf@projects.hepforge.org"
| #define PACKAGE "lhapdf"
| #define VERSION "5.8.8"
| #define LHAPDF_VERSION "5.8.8"
| /* end confdefs.h.  */
| 
| /* Override any GCC internal prototype to avoid an error.
|    Use char because int might match the return type of a GCC
|    builtin and then its argument prototype would still apply.  */
| #ifdef __cplusplus
| extern "C"
| #endif
| char foobar ();
| #ifdef FC_DUMMY_MAIN
| #ifndef FC_DUMMY_MAIN_EQ_F77
| #  ifdef __cplusplus
|      extern "C"
| #  endif
|    int FC_DUMMY_MAIN() { return 1; }
| #endif
| #endif
| int
| main ()
| {
| return foobar ();
|   ;
|   return 0;
| }
configure:4630: gcc -o conftest -g -O2   conftest.c cfortran_test.o   -L/cvmfs/atlas.cern.ch/repo/sw/atlas-gcc/435/x86_64/slc5/x86_64-slc5-gcc43-opt/bin/../lib/gcc/x86_64-unknown-linux-gnu/4.3.5 -L/cvmfs/atlas.cern.ch/repo/sw/atlas-gcc/435/x86_64/slc5/x86_64-slc5-gcc43-opt/bin/../lib/gcc -L/cvmfs/atlas.cern.ch/repo/sw/atlas-gcc/435/x86_64/slc5/x86_64-slc5-gcc43-opt/bin/../lib/gcc/x86_64-unknown-linux-gnu/4.3.5/../../../../lib64 -L/lib/../lib64 -L/usr/lib/../lib64 -L/cvmfs/atlas.cern.ch/repo/sw/atlas-gcc/435/x86_64/slc5/x86_64-slc5-gcc43-opt/bin/../lib/gcc/x86_64-unknown-linux-gnu/4.3.5/../../.. -lgfortranbegin -lgfortran -lm >&5
configure:4636: $? = 0
configure:4715: gcc -o conftest -g -O2   conftest.c cfortran_test.o   -L/cvmfs/atlas.cern.ch/repo/sw/atlas-gcc/435/x86_64/slc5/x86_64-slc5-gcc43-opt/bin/../lib/gcc/x86_64-unknown-linux-gnu/4.3.5 -L/cvmfs/atlas.cern.ch/repo/sw/atlas-gcc/435/x86_64/slc5/x86_64-slc5-gcc43-opt/bin/../lib/gcc -L/cvmfs/atlas.cern.ch/repo/sw/atlas-gcc/435/x86_64/slc5/x86_64-slc5-gcc43-opt/bin/../lib/gcc/x86_64-unknown-linux-gnu/4.3.5/../../../../lib64 -L/lib/../lib64 -L/usr/lib/../lib64 -L/cvmfs/atlas.cern.ch/repo/sw/atlas-gcc/435/x86_64/slc5/x86_64-slc5-gcc43-opt/bin/../lib/gcc/x86_64-unknown-linux-gnu/4.3.5/../../.. -lgfortranbegin -lgfortran -lm >&5
configure:4721: $? = 0
configure:4778: result: lower case, underscore, no extra underscore
configure:4882: checking for Fortran flag needed to allow free-form source
configure:4907: gfortran -c -O2  conftest.f >&5
conftest.f:2.3:

  program freeform                                                      
   1
Error: Non-numeric character in statement label at (1)
conftest.f:2.3:

  program freeform                                                      
   1
Error: Unclassifiable statement at (1)
conftest.f:4.25:

       print *, 'Hello ', &                                             
                         1
Error: Expected expression in PRINT statement at (1)
conftest.f:5.12:

           'world.'                                                     
            1
Error: Invalid character in name at (1)
configure:4913: $? = 1
configure: failed program was:
| 
|   program freeform
|        ! FIXME: how to best confuse non-freeform compilers?
|        print *, 'Hello ', &
|            'world.'
|        end
configure:4907: gfortran -c -O2 -ffree-form  conftest.f >&5
configure:4913: $? = 0
configure:4932: result: -ffree-form
configure:5012: checking for g++
configure:5028: found /cvmfs/atlas.cern.ch/repo/sw/software/x86_64-slc5-gcc43-opt/17.6.0/AtlasSite/gcc-links/x86_64-slc5-gcc43-opt/bin/g++
configure:5039: result: g++
configure:5070: checking for C++ compiler version
configure:5077: g++ --version >&5
g++ (GCC) 4.3.5
Copyright (C) 2008 Free Software Foundation, Inc.
This is free software; see the source for copying conditions.  There is NO
warranty; not even for MERCHANTABILITY or FITNESS FOR A PARTICULAR PURPOSE.

configure:5080: $? = 0
configure:5087: g++ -v >&5
Using built-in specs.
Target: x86_64-unknown-linux-gnu
Configured with: /build/hegner/LCGCMT/work/gcc-4.3.5/configure --prefix=/afs/.cern.ch/sw/lcg/contrib/gcc/4.3.5/x86_64-slc5-gcc34-opt --with-mpfr=/afs/.cern.ch/sw/lcg/external/mpfr//x86_64-slc5-gcc34-opt --with-gmp=/afs/.cern.ch/sw/lcg/external/gmp//x86_64-slc5-gcc34-opt --with-mpc=/afs/.cern.ch/sw/lcg/external/mpc//x86_64-slc5-gcc34-opt --enable-lto --with-libelf=/afs/.cern.ch/sw/lcg/external/libelf//x86_64-slc5-gcc34-opt --with-ppl=/afs/.cern.ch/sw/lcg/external/ppl//x86_64-slc5-gcc34-opt --with-cloog=/afs/.cern.ch/sw/lcg/external/cloog-ppl//x86_64-slc5-gcc34-opt --enable-languages=c,c++,fortran
Thread model: posix
gcc version 4.3.5 (GCC) 
configure:5090: $? = 0
configure:5097: g++ -V >&5
g++: '-V' option must have argument
configure:5100: $? = 1
configure:5103: checking whether we are using the GNU C++ compiler
configure:5140: g++ -c   conftest.cpp >&5
configure:5146: $? = 0
configure:5163: result: yes
configure:5168: checking whether g++ accepts -g
configure:5206: g++ -c -g  conftest.cpp >&5
configure:5212: $? = 0
configure:5327: result: yes
configure:5352: checking dependency style of g++
configure:5443: result: gcc3
configure:5506: checking for gcc
configure:5533: result: gcc
configure:5771: checking for C compiler version
configure:5778: gcc --version >&5
gcc (GCC) 4.3.5
Copyright (C) 2008 Free Software Foundation, Inc.
This is free software; see the source for copying conditions.  There is NO
warranty; not even for MERCHANTABILITY or FITNESS FOR A PARTICULAR PURPOSE.

configure:5781: $? = 0
configure:5788: gcc -v >&5
Using built-in specs.
Target: x86_64-unknown-linux-gnu
Configured with: /build/hegner/LCGCMT/work/gcc-4.3.5/configure --prefix=/afs/.cern.ch/sw/lcg/contrib/gcc/4.3.5/x86_64-slc5-gcc34-opt --with-mpfr=/afs/.cern.ch/sw/lcg/external/mpfr//x86_64-slc5-gcc34-opt --with-gmp=/afs/.cern.ch/sw/lcg/external/gmp//x86_64-slc5-gcc34-opt --with-mpc=/afs/.cern.ch/sw/lcg/external/mpc//x86_64-slc5-gcc34-opt --enable-lto --with-libelf=/afs/.cern.ch/sw/lcg/external/libelf//x86_64-slc5-gcc34-opt --with-ppl=/afs/.cern.ch/sw/lcg/external/ppl//x86_64-slc5-gcc34-opt --with-cloog=/afs/.cern.ch/sw/lcg/external/cloog-ppl//x86_64-slc5-gcc34-opt --enable-languages=c,c++,fortran
Thread model: posix
gcc version 4.3.5 (GCC) 
configure:5791: $? = 0
configure:5798: gcc -V >&5
gcc: '-V' option must have argument
configure:5801: $? = 1
configure:5804: checking whether we are using the GNU C compiler
configure:5864: result: yes
configure:5869: checking whether gcc accepts -g
configure:6028: result: yes
configure:6045: checking for gcc option to accept ISO C89
configure:6156: result: none needed
configure:6176: checking dependency style of gcc
configure:6267: result: gcc3
configure:6295: checking for a BSD-compatible install
configure:6351: result: /usr/bin/install -c
configure:6362: checking whether ln -s works
configure:6366: result: yes
configure:6397: checking for /proc/self/maps
configure:6412: result: yes
configure:6415: checking whether everything is installed to the same prefix
configure:6431: result: no
configure:6434: checking whether binary relocation support should be enabled
configure:6452: result: no
configure:6628: checking build system type
configure:6646: result: x86_64-unknown-linux-gnu
configure:6668: checking host system type
configure:6683: result: x86_64-unknown-linux-gnu
configure:6705: checking for a sed that does not truncate output
configure:6784: result: /bin/sed
configure:6802: checking for grep that handles long lines and -e
configure:6876: result: /bin/grep
configure:6881: checking for egrep
configure:6959: result: /bin/grep -E
configure:6964: checking for fgrep
configure:7042: result: /bin/grep -F
configure:7077: checking for ld used by gcc
configure:7144: result: /usr/bin/ld
configure:7153: checking if the linker (/usr/bin/ld) is GNU ld
configure:7168: result: yes
configure:7180: checking for BSD- or MS-compatible name lister (nm)
configure:7229: result: /usr/bin/nm -B
configure:7351: checking the name lister (/usr/bin/nm -B) interface
configure:7358: g++ -c -g -O2  conftest.cpp >&5
configure:7361: /usr/bin/nm -B "conftest.o"
configure:7364: output
0000000000000000 B some_variable
configure:7371: result: BSD nm
configure:7375: checking the maximum length of command line arguments
configure:7495: result: 98304
configure:7512: checking whether the shell understands some XSI constructs
configure:7522: result: yes
configure:7526: checking whether the shell understands "+="
configure:7532: result: yes
configure:7567: checking for /usr/bin/ld option to reload object files
configure:7574: result: -r
configure:7643: checking for objdump
configure:7659: found /usr/bin/objdump
configure:7670: result: objdump
configure:7706: checking how to recognize dependent libraries
configure:7902: result: pass_all
configure:7962: checking for ar
configure:7978: found /usr/bin/ar
configure:7989: result: ar
configure:8071: checking for strip
configure:8087: found /usr/bin/strip
configure:8098: result: strip
configure:8174: checking for ranlib
configure:8190: found /usr/bin/ranlib
configure:8201: result: ranlib
configure:8295: checking command to parse /usr/bin/nm -B output from gcc object
configure:8413: g++ -c -g -O2  conftest.cpp >&5
configure:8416: $? = 0
configure:8420: /usr/bin/nm -B conftest.o \| sed -n -e 's/^.*[	 ]\([ABCDGIRSTW][ABCDGIRSTW]*\)[	 ][	 ]*\([_A-Za-z][_A-Za-z0-9]*\)$/\1 \2 \2/p' \> conftest.nm
configure:8423: $? = 0
configure:8477: g++ -o conftest -g -O2   conftest.cpp conftstm.o >&5
configure:8480: $? = 0
configure:8518: result: ok
configure:8613: g++ -c -g -O2  conftest.cpp >&5
configure:8616: $? = 0
configure:9412: checking how to run the C preprocessor
configure:9452: gcc -E  conftest.c
configure:9458: $? = 0
configure:9489: gcc -E  conftest.c
conftest.c:13:28: error: ac_nonexistent.h: No such file or directory
configure:9495: $? = 1
configure: failed program was:
| /* confdefs.h.  */
| #define PACKAGE_NAME "LHAPDF"
| #define PACKAGE_TARNAME "lhapdf"
| #define PACKAGE_VERSION "5.8.8"
| #define PACKAGE_STRING "LHAPDF 5.8.8"
| #define PACKAGE_BUGREPORT "lhapdf@projects.hepforge.org"
| #define PACKAGE "lhapdf"
| #define VERSION "5.8.8"
| #define LHAPDF_VERSION "5.8.8"
| #define FC_FUNC(name,NAME) name ## _
| #define FC_FUNC_(name,NAME) name ## _
| /* end confdefs.h.  */
| #include <ac_nonexistent.h>
configure:9528: result: gcc -E
configure:9557: gcc -E  conftest.c
configure:9563: $? = 0
configure:9594: gcc -E  conftest.c
conftest.c:13:28: error: ac_nonexistent.h: No such file or directory
configure:9600: $? = 1
configure: failed program was:
| /* confdefs.h.  */
| #define PACKAGE_NAME "LHAPDF"
| #define PACKAGE_TARNAME "lhapdf"
| #define PACKAGE_VERSION "5.8.8"
| #define PACKAGE_STRING "LHAPDF 5.8.8"
| #define PACKAGE_BUGREPORT "lhapdf@projects.hepforge.org"
| #define PACKAGE "lhapdf"
| #define VERSION "5.8.8"
| #define LHAPDF_VERSION "5.8.8"
| #define FC_FUNC(name,NAME) name ## _
| #define FC_FUNC_(name,NAME) name ## _
| /* end confdefs.h.  */
| #include <ac_nonexistent.h>
configure:9638: checking for ANSI C header files
configure:9676: gcc -c -g -O2  conftest.c >&5
configure:9682: $? = 0
configure:9781: gcc -o conftest -g -O2   conftest.c  >&5
configure:9784: $? = 0
configure:9790: ./conftest
configure:9793: $? = 0
configure:9810: result: yes
configure:9834: checking for sys/types.h
configure:9855: gcc -c -g -O2  conftest.c >&5
configure:9861: $? = 0
configure:9877: result: yes
configure:9834: checking for sys/stat.h
configure:9855: gcc -c -g -O2  conftest.c >&5
configure:9861: $? = 0
configure:9877: result: yes
configure:9834: checking for stdlib.h
configure:9855: gcc -c -g -O2  conftest.c >&5
configure:9861: $? = 0
configure:9877: result: yes
configure:9834: checking for string.h
configure:9855: gcc -c -g -O2  conftest.c >&5
configure:9861: $? = 0
configure:9877: result: yes
configure:9834: checking for memory.h
configure:9855: gcc -c -g -O2  conftest.c >&5
configure:9861: $? = 0
configure:9877: result: yes
configure:9834: checking for strings.h
configure:9855: gcc -c -g -O2  conftest.c >&5
configure:9861: $? = 0
configure:9877: result: yes
configure:9834: checking for inttypes.h
configure:9855: gcc -c -g -O2  conftest.c >&5
configure:9861: $? = 0
configure:9877: result: yes
configure:9834: checking for stdint.h
configure:9855: gcc -c -g -O2  conftest.c >&5
configure:9861: $? = 0
configure:9877: result: yes
configure:9834: checking for unistd.h
configure:9855: gcc -c -g -O2  conftest.c >&5
configure:9861: $? = 0
configure:9877: result: yes
configure:9893: checking for dlfcn.h
configure:9914: gcc -c -g -O2  conftest.c >&5
configure:9920: $? = 0
configure:9936: result: yes
configure:10065: checking for C++ compiler version
configure:10072: g++ --version >&5
g++ (GCC) 4.3.5
Copyright (C) 2008 Free Software Foundation, Inc.
This is free software; see the source for copying conditions.  There is NO
warranty; not even for MERCHANTABILITY or FITNESS FOR A PARTICULAR PURPOSE.

configure:10075: $? = 0
configure:10082: g++ -v >&5
Using built-in specs.
Target: x86_64-unknown-linux-gnu
Configured with: /build/hegner/LCGCMT/work/gcc-4.3.5/configure --prefix=/afs/.cern.ch/sw/lcg/contrib/gcc/4.3.5/x86_64-slc5-gcc34-opt --with-mpfr=/afs/.cern.ch/sw/lcg/external/mpfr//x86_64-slc5-gcc34-opt --with-gmp=/afs/.cern.ch/sw/lcg/external/gmp//x86_64-slc5-gcc34-opt --with-mpc=/afs/.cern.ch/sw/lcg/external/mpc//x86_64-slc5-gcc34-opt --enable-lto --with-libelf=/afs/.cern.ch/sw/lcg/external/libelf//x86_64-slc5-gcc34-opt --with-ppl=/afs/.cern.ch/sw/lcg/external/ppl//x86_64-slc5-gcc34-opt --with-cloog=/afs/.cern.ch/sw/lcg/external/cloog-ppl//x86_64-slc5-gcc34-opt --enable-languages=c,c++,fortran
Thread model: posix
gcc version 4.3.5 (GCC) 
configure:10085: $? = 0
configure:10092: g++ -V >&5
g++: '-V' option must have argument
configure:10095: $? = 1
configure:10098: checking whether we are using the GNU C++ compiler
configure:10158: result: yes
configure:10163: checking whether g++ accepts -g
configure:10322: result: yes
configure:10347: checking dependency style of g++
configure:10438: result: gcc3
configure:10461: checking how to run the C++ preprocessor
configure:10497: g++ -E  conftest.cpp
configure:10503: $? = 0
configure:10534: g++ -E  conftest.cpp
conftest.cpp:24:28: error: ac_nonexistent.h: No such file or directory
configure:10540: $? = 1
configure: failed program was:
| /* confdefs.h.  */
| #define PACKAGE_NAME "LHAPDF"
| #define PACKAGE_TARNAME "lhapdf"
| #define PACKAGE_VERSION "5.8.8"
| #define PACKAGE_STRING "LHAPDF 5.8.8"
| #define PACKAGE_BUGREPORT "lhapdf@projects.hepforge.org"
| #define PACKAGE "lhapdf"
| #define VERSION "5.8.8"
| #define LHAPDF_VERSION "5.8.8"
| #define FC_FUNC(name,NAME) name ## _
| #define FC_FUNC_(name,NAME) name ## _
| #define STDC_HEADERS 1
| #define HAVE_SYS_TYPES_H 1
| #define HAVE_SYS_STAT_H 1
| #define HAVE_STDLIB_H 1
| #define HAVE_STRING_H 1
| #define HAVE_MEMORY_H 1
| #define HAVE_STRINGS_H 1
| #define HAVE_INTTYPES_H 1
| #define HAVE_STDINT_H 1
| #define HAVE_UNISTD_H 1
| #define HAVE_DLFCN_H 1
| /* end confdefs.h.  */
| #include <ac_nonexistent.h>
configure:10573: result: g++ -E
configure:10602: g++ -E  conftest.cpp
configure:10608: $? = 0
configure:10639: g++ -E  conftest.cpp
conftest.cpp:24:28: error: ac_nonexistent.h: No such file or directory
configure:10645: $? = 1
configure: failed program was:
| /* confdefs.h.  */
| #define PACKAGE_NAME "LHAPDF"
| #define PACKAGE_TARNAME "lhapdf"
| #define PACKAGE_VERSION "5.8.8"
| #define PACKAGE_STRING "LHAPDF 5.8.8"
| #define PACKAGE_BUGREPORT "lhapdf@projects.hepforge.org"
| #define PACKAGE "lhapdf"
| #define VERSION "5.8.8"
| #define LHAPDF_VERSION "5.8.8"
| #define FC_FUNC(name,NAME) name ## _
| #define FC_FUNC_(name,NAME) name ## _
| #define STDC_HEADERS 1
| #define HAVE_SYS_TYPES_H 1
| #define HAVE_SYS_STAT_H 1
| #define HAVE_STDLIB_H 1
| #define HAVE_STRING_H 1
| #define HAVE_MEMORY_H 1
| #define HAVE_STRINGS_H 1
| #define HAVE_INTTYPES_H 1
| #define HAVE_STDINT_H 1
| #define HAVE_UNISTD_H 1
| #define HAVE_DLFCN_H 1
| /* end confdefs.h.  */
| #include <ac_nonexistent.h>
configure:10795: checking for Fortran compiler version
configure:10802: gfortran --version >&5
GNU Fortran (GCC) 4.3.5
Copyright (C) 2008 Free Software Foundation, Inc.

GNU Fortran comes with NO WARRANTY, to the extent permitted by law.
You may redistribute copies of GNU Fortran
under the terms of the GNU General Public License.
For more information about these matters, see the file named COPYING

configure:10805: $? = 0
configure:10812: gfortran -v >&5
Using built-in specs.
Target: x86_64-unknown-linux-gnu
Configured with: /build/hegner/LCGCMT/work/gcc-4.3.5/configure --prefix=/afs/.cern.ch/sw/lcg/contrib/gcc/4.3.5/x86_64-slc5-gcc34-opt --with-mpfr=/afs/.cern.ch/sw/lcg/external/mpfr//x86_64-slc5-gcc34-opt --with-gmp=/afs/.cern.ch/sw/lcg/external/gmp//x86_64-slc5-gcc34-opt --with-mpc=/afs/.cern.ch/sw/lcg/external/mpc//x86_64-slc5-gcc34-opt --enable-lto --with-libelf=/afs/.cern.ch/sw/lcg/external/libelf//x86_64-slc5-gcc34-opt --with-ppl=/afs/.cern.ch/sw/lcg/external/ppl//x86_64-slc5-gcc34-opt --with-cloog=/afs/.cern.ch/sw/lcg/external/cloog-ppl//x86_64-slc5-gcc34-opt --enable-languages=c,c++,fortran
Thread model: posix
gcc version 4.3.5 (GCC) 
configure:10815: $? = 0
configure:10822: gfortran -V >&5
gfortran: '-V' option must have argument
configure:10825: $? = 1
configure:10833: checking whether we are using the GNU Fortran compiler
configure:10875: result: yes
configure:10881: checking whether gfortran accepts -g
configure:10920: result: yes
configure:11120: checking for objdir
configure:11135: result: .libs
configure:11431: checking if gcc supports -fno-rtti -fno-exceptions
configure:11449: gcc -c -g -O2  -fno-rtti -fno-exceptions conftest.c >&5
cc1: warning: command line option "-fno-rtti" is valid for C++/ObjC++ but not for C
configure:11453: $? = 0
configure:11466: result: no
configure:11486: checking for gcc option to produce PIC
configure:11758: result: -fPIC -DPIC
configure:11770: checking if gcc PIC flag -fPIC -DPIC works
configure:11788: gcc -c -g -O2  -fPIC -DPIC -DPIC conftest.c >&5
configure:11792: $? = 0
configure:11805: result: yes
configure:11829: checking if gcc static flag -static works
configure:11857: result: yes
configure:11872: checking if gcc supports -c -o file.o
configure:11893: gcc -c -g -O2  -o out/conftest2.o conftest.c >&5
configure:11897: $? = 0
configure:11919: result: yes
configure:11927: checking if gcc supports -c -o file.o
configure:11974: result: yes
configure:12007: checking whether the gcc linker (/usr/bin/ld -m elf_x86_64) supports shared libraries
configure:13085: result: yes
configure:13122: checking whether -lc should be explicitly linked in
configure:13127: gcc -c -g -O2  conftest.c >&5
configure:13130: $? = 0
configure:13145: gcc -shared conftest.o  -v -Wl,-soname -Wl,conftest -o conftest 2\>\&1 \| /bin/grep  -lc  \>/dev/null 2\>\&1
configure:13148: $? = 0
configure:13160: result: no
configure:13324: checking dynamic linker characteristics
configure:13775: gcc -o conftest -g -O2   -Wl,-rpath -Wl,/foo conftest.c  >&5
configure:13781: $? = 0
configure:14011: result: GNU/Linux ld.so
configure:14113: checking how to hardcode library paths into programs
configure:14138: result: immediate
configure:14265: checking for shl_load
configure:14329: gcc -o conftest -g -O2   conftest.c  >&5
/tmp/cca74tVD.o: In function `main':
/home/antonk/lha/lhapdf-5.8.8/conftest.c:67: undefined reference to `shl_load'
collect2: ld returned 1 exit status
configure:14335: $? = 1
configure: failed program was:
| /* confdefs.h.  */
| #define PACKAGE_NAME "LHAPDF"
| #define PACKAGE_TARNAME "lhapdf"
| #define PACKAGE_VERSION "5.8.8"
| #define PACKAGE_STRING "LHAPDF 5.8.8"
| #define PACKAGE_BUGREPORT "lhapdf@projects.hepforge.org"
| #define PACKAGE "lhapdf"
| #define VERSION "5.8.8"
| #define LHAPDF_VERSION "5.8.8"
| #define FC_FUNC(name,NAME) name ## _
| #define FC_FUNC_(name,NAME) name ## _
| #define STDC_HEADERS 1
| #define HAVE_SYS_TYPES_H 1
| #define HAVE_SYS_STAT_H 1
| #define HAVE_STDLIB_H 1
| #define HAVE_STRING_H 1
| #define HAVE_MEMORY_H 1
| #define HAVE_STRINGS_H 1
| #define HAVE_INTTYPES_H 1
| #define HAVE_STDINT_H 1
| #define HAVE_UNISTD_H 1
| #define HAVE_DLFCN_H 1
| #define LT_OBJDIR ".libs/"
| /* end confdefs.h.  */
| /* Define shl_load to an innocuous variant, in case <limits.h> declares shl_load.
|    For example, HP-UX 11i <limits.h> declares gettimeofday.  */
| #define shl_load innocuous_shl_load
| 
| /* System header to define __stub macros and hopefully few prototypes,
|     which can conflict with char shl_load (); below.
|     Prefer <limits.h> to <assert.h> if __STDC__ is defined, since
|     <limits.h> exists even on freestanding compilers.  */
| 
| #ifdef __STDC__
| # include <limits.h>
| #else
| # include <assert.h>
| #endif
| 
| #undef shl_load
| 
| /* Override any GCC internal prototype to avoid an error.
|    Use char because int might match the return type of a GCC
|    builtin and then its argument prototype would still apply.  */
| #ifdef __cplusplus
| extern "C"
| #endif
| char shl_load ();
| /* The GNU C library defines this for functions which it implements
|     to always fail with ENOSYS.  Some functions are actually named
|     something starting with __ and the normal name is an alias.  */
| #if defined __stub_shl_load || defined __stub___shl_load
| choke me
| #endif
| 
| #ifdef FC_DUMMY_MAIN
| #ifndef FC_DUMMY_MAIN_EQ_F77
| #  ifdef __cplusplus
|      extern "C"
| #  endif
|    int FC_DUMMY_MAIN() { return 1; }
| #endif
| #endif
| int
| main ()
| {
| return shl_load ();
|   ;
|   return 0;
| }
configure:14352: result: no
configure:14357: checking for shl_load in -ldld
configure:14400: gcc -o conftest -g -O2   conftest.c -ldld   >&5
/usr/bin/ld: cannot find -ldld
collect2: ld returned 1 exit status
configure:14406: $? = 1
configure: failed program was:
| /* confdefs.h.  */
| #define PACKAGE_NAME "LHAPDF"
| #define PACKAGE_TARNAME "lhapdf"
| #define PACKAGE_VERSION "5.8.8"
| #define PACKAGE_STRING "LHAPDF 5.8.8"
| #define PACKAGE_BUGREPORT "lhapdf@projects.hepforge.org"
| #define PACKAGE "lhapdf"
| #define VERSION "5.8.8"
| #define LHAPDF_VERSION "5.8.8"
| #define FC_FUNC(name,NAME) name ## _
| #define FC_FUNC_(name,NAME) name ## _
| #define STDC_HEADERS 1
| #define HAVE_SYS_TYPES_H 1
| #define HAVE_SYS_STAT_H 1
| #define HAVE_STDLIB_H 1
| #define HAVE_STRING_H 1
| #define HAVE_MEMORY_H 1
| #define HAVE_STRINGS_H 1
| #define HAVE_INTTYPES_H 1
| #define HAVE_STDINT_H 1
| #define HAVE_UNISTD_H 1
| #define HAVE_DLFCN_H 1
| #define LT_OBJDIR ".libs/"
| /* end confdefs.h.  */
| 
| /* Override any GCC internal prototype to avoid an error.
|    Use char because int might match the return type of a GCC
|    builtin and then its argument prototype would still apply.  */
| #ifdef __cplusplus
| extern "C"
| #endif
| char shl_load ();
| #ifdef FC_DUMMY_MAIN
| #ifndef FC_DUMMY_MAIN_EQ_F77
| #  ifdef __cplusplus
|      extern "C"
| #  endif
|    int FC_DUMMY_MAIN() { return 1; }
| #endif
| #endif
| int
| main ()
| {
| return shl_load ();
|   ;
|   return 0;
| }
configure:14424: result: no
configure:14429: checking for dlopen
configure:14493: gcc -o conftest -g -O2   conftest.c  >&5
/tmp/ccsOPozV.o: In function `main':
/home/antonk/lha/lhapdf-5.8.8/conftest.c:67: undefined reference to `dlopen'
collect2: ld returned 1 exit status
configure:14499: $? = 1
configure: failed program was:
| /* confdefs.h.  */
| #define PACKAGE_NAME "LHAPDF"
| #define PACKAGE_TARNAME "lhapdf"
| #define PACKAGE_VERSION "5.8.8"
| #define PACKAGE_STRING "LHAPDF 5.8.8"
| #define PACKAGE_BUGREPORT "lhapdf@projects.hepforge.org"
| #define PACKAGE "lhapdf"
| #define VERSION "5.8.8"
| #define LHAPDF_VERSION "5.8.8"
| #define FC_FUNC(name,NAME) name ## _
| #define FC_FUNC_(name,NAME) name ## _
| #define STDC_HEADERS 1
| #define HAVE_SYS_TYPES_H 1
| #define HAVE_SYS_STAT_H 1
| #define HAVE_STDLIB_H 1
| #define HAVE_STRING_H 1
| #define HAVE_MEMORY_H 1
| #define HAVE_STRINGS_H 1
| #define HAVE_INTTYPES_H 1
| #define HAVE_STDINT_H 1
| #define HAVE_UNISTD_H 1
| #define HAVE_DLFCN_H 1
| #define LT_OBJDIR ".libs/"
| /* end confdefs.h.  */
| /* Define dlopen to an innocuous variant, in case <limits.h> declares dlopen.
|    For example, HP-UX 11i <limits.h> declares gettimeofday.  */
| #define dlopen innocuous_dlopen
| 
| /* System header to define __stub macros and hopefully few prototypes,
|     which can conflict with char dlopen (); below.
|     Prefer <limits.h> to <assert.h> if __STDC__ is defined, since
|     <limits.h> exists even on freestanding compilers.  */
| 
| #ifdef __STDC__
| # include <limits.h>
| #else
| # include <assert.h>
| #endif
| 
| #undef dlopen
| 
| /* Override any GCC internal prototype to avoid an error.
|    Use char because int might match the return type of a GCC
|    builtin and then its argument prototype would still apply.  */
| #ifdef __cplusplus
| extern "C"
| #endif
| char dlopen ();
| /* The GNU C library defines this for functions which it implements
|     to always fail with ENOSYS.  Some functions are actually named
|     something starting with __ and the normal name is an alias.  */
| #if defined __stub_dlopen || defined __stub___dlopen
| choke me
| #endif
| 
| #ifdef FC_DUMMY_MAIN
| #ifndef FC_DUMMY_MAIN_EQ_F77
| #  ifdef __cplusplus
|      extern "C"
| #  endif
|    int FC_DUMMY_MAIN() { return 1; }
| #endif
| #endif
| int
| main ()
| {
| return dlopen ();
|   ;
|   return 0;
| }
configure:14516: result: no
configure:14521: checking for dlopen in -ldl
configure:14564: gcc -o conftest -g -O2   conftest.c -ldl   >&5
configure:14570: $? = 0
configure:14588: result: yes
configure:14773: checking whether a program can dlopen itself
configure:14843: gcc -o conftest -g -O2  -DHAVE_DLFCN_H  -Wl,--export-dynamic conftest.c -ldl  >&5
configure:14846: $? = 0
configure:14864: result: yes
configure:14869: checking whether a statically linked program can dlopen itself
configure:14939: gcc -o conftest -g -O2  -DHAVE_DLFCN_H  -Wl,--export-dynamic -static conftest.c -ldl  >&5
/tmp/ccuHo6gq.o: In function `main':
/home/antonk/lha/lhapdf-5.8.8/configure:14923: warning: Using 'dlopen' in statically linked applications requires at runtime the shared libraries from the glibc version used for linking
configure:14942: $? = 0
/home/antonk/lha/LHAPDF/lib/: cannot read file data: Is a directory
configure:14960: result: no
configure:14999: checking whether stripping libraries is possible
configure:15004: result: yes
configure:15039: checking if libtool supports shared libraries
configure:15041: result: yes
configure:15044: checking whether to build shared libraries
configure:15065: result: yes
configure:15068: checking whether to build static libraries
configure:15072: result: yes
configure:15222: checking for ld used by g++
configure:15289: result: /usr/bin/ld -m elf_x86_64
configure:15298: checking if the linker (/usr/bin/ld -m elf_x86_64) is GNU ld
configure:15313: result: yes
configure:15368: checking whether the g++ linker (/usr/bin/ld -m elf_x86_64) supports shared libraries
configure:16351: result: yes
configure:16379: g++ -c -g -O2  conftest.cpp >&5
configure:16382: $? = 0
configure:16564: checking for g++ option to produce PIC
configure:16881: result: -fPIC -DPIC
configure:16890: checking if g++ PIC flag -fPIC -DPIC works
configure:16908: g++ -c -g -O2  -fPIC -DPIC -DPIC conftest.cpp >&5
configure:16912: $? = 0
configure:16925: result: yes
configure:16946: checking if g++ static flag -static works
configure:16974: result: yes
configure:16986: checking if g++ supports -c -o file.o
configure:17007: g++ -c -g -O2  -o out/conftest2.o conftest.cpp >&5
configure:17011: $? = 0
configure:17033: result: yes
configure:17038: checking if g++ supports -c -o file.o
configure:17085: result: yes
configure:17115: checking whether the g++ linker (/usr/bin/ld -m elf_x86_64) supports shared libraries
configure:17141: result: yes
configure:17278: checking dynamic linker characteristics
configure:17677: g++ -o conftest -g -O2   -Wl,-rpath -Wl,/foo conftest.cpp  >&5
configure:17683: $? = 0
configure:17913: result: GNU/Linux ld.so
configure:17964: checking how to hardcode library paths into programs
configure:17989: result: immediate
configure:18134: checking if libtool supports shared libraries
configure:18136: result: yes
configure:18139: checking whether to build shared libraries
configure:18159: result: yes
configure:18162: checking whether to build static libraries
configure:18166: result: yes
configure:18192: gfortran -c -O2 -ffree-form  conftest.f >&5
configure:18195: $? = 0
configure:18305: checking for gfortran option to produce PIC
configure:18577: result: -fPIC
configure:18586: checking if gfortran PIC flag -fPIC works
configure:18604: gfortran -c -O2 -ffree-form -fPIC  conftest.f >&5
configure:18608: $? = 0
configure:18621: result: yes
configure:18642: checking if gfortran static flag -static works
configure:18670: result: yes
configure:18682: checking if gfortran supports -c -o file.o
configure:18703: gfortran -c -O2 -ffree-form -o out/conftest2.o  conftest.f >&5
configure:18707: $? = 0
configure:18729: result: yes
configure:18734: checking if gfortran supports -c -o file.o
configure:18781: result: yes
configure:18811: checking whether the gfortran linker (/usr/bin/ld -m elf_x86_64) supports shared libraries
configure:19853: result: yes
configure:19990: checking dynamic linker characteristics
configure:20371: gfortran -o conftest -O2 -ffree-form  -Wl,-rpath -Wl,/foo  conftest.f  >&5
configure:20377: $? = 0
configure:20607: result: GNU/Linux ld.so
configure:20658: checking how to hardcode library paths into programs
configure:20683: result: immediate
configure:20732: checking for pdf sets to include
configure:20748: result: cteq,nnpdf,mstw,hera
configure:20950: Using low memory mode: full Hessian error sets for CTEQ and MRST will not be held concurrently in memory
configure:20985: Number of concurrent PDF set arrays allocated = 4
configure:21021: Not building LHAGLUE wrappers
configure:21043: Building C++ wrapper
configure:21075: Not building deprecated C++ wrapper library... good for you.
configure:21480: checking if the target platform is Windows
configure:21484: result: no
configure:21508: checking if the g++ compiler accepts the -pedantic flag
configure:21535: result: yes
configure:21558: checking if the g++ compiler accepts the -ansi flag
configure:21585: result: yes
configure:21608: checking if the g++ compiler accepts the -Wall flag
configure:21635: result: yes
configure:21659: checking if the gfortran compiler accepts the -pedantic flag
configure:21668: result: no
configure:21690: checking if the gfortran compiler accepts the -Wall flag
configure:21699: result: no
configure:21721: checking if the gfortran compiler accepts the -ffree-form flag
configure:21730: result: yes
configure:22132: creating ./config.status

## ---------------------- ##
## Running config.status. ##
## ---------------------- ##

This file was extended by LHAPDF config.status 5.8.8, which was
generated by GNU Autoconf 2.61.  Invocation command line was

  CONFIG_FILES    = 
  CONFIG_HEADERS  = 
  CONFIG_LINKS    = 
  CONFIG_COMMANDS = 
  $ ./config.status 

on uct3-s3.uchicago.edu

config.status:1057: creating Makefile
config.status:1057: creating src/Makefile
config.status:1057: creating src/parmsetup.inc
config.status:1057: creating include/Makefile
config.status:1057: creating include/LHAPDF/Makefile
config.status:1057: creating ccwrap/Makefile
config.status:1057: creating lib/Makefile
config.status:1057: creating examples/Makefile
config.status:1057: creating pyext/Makefile
config.status:1057: creating pyext/setup.py
config.status:1057: creating octave/Makefile
config.status:1057: creating bin/Makefile
config.status:1057: creating bin/lhapdf-config
config.status:1057: creating tests/Makefile
config.status:1057: creating config/config.h
config.status:1290: config/config.h is unchanged
config.status:1057: creating include/LHAPDF/FortranWrappers.h
config.status:1290: include/LHAPDF/FortranWrappers.h is unchanged
config.status:1057: creating include/LHAPDF/LHAPDFConfig.h
config.status:1290: include/LHAPDF/LHAPDFConfig.h is unchanged
config.status:1337: executing depfiles commands
config.status:1337: executing libtool commands

## ---------------- ##
## Cache variables. ##
## ---------------- ##

ac_cv_build=x86_64-unknown-linux-gnu
ac_cv_c_compiler_gnu=yes
ac_cv_cxx_compiler_gnu=yes
ac_cv_env_CCC_set=
ac_cv_env_CCC_value=
ac_cv_env_CC_set=
ac_cv_env_CC_value=
ac_cv_env_CFLAGS_set=
ac_cv_env_CFLAGS_value=
ac_cv_env_CPPFLAGS_set=
ac_cv_env_CPPFLAGS_value=
ac_cv_env_CPP_set=
ac_cv_env_CPP_value=
ac_cv_env_CXXCPP_set=
ac_cv_env_CXXCPP_value=
ac_cv_env_CXXFLAGS_set=
ac_cv_env_CXXFLAGS_value=
ac_cv_env_CXX_set=
ac_cv_env_CXX_value=
ac_cv_env_FCFLAGS_set=
ac_cv_env_FCFLAGS_value=
ac_cv_env_FC_set=
ac_cv_env_FC_value=
ac_cv_env_LDFLAGS_set=
ac_cv_env_LDFLAGS_value=
ac_cv_env_LIBS_set=
ac_cv_env_LIBS_value=
ac_cv_env_PYTHON_set=
ac_cv_env_PYTHON_value=
ac_cv_env_build_alias_set=
ac_cv_env_build_alias_value=
ac_cv_env_host_alias_set=
ac_cv_env_host_alias_value=
ac_cv_env_target_alias_set=
ac_cv_env_target_alias_value=
ac_cv_fc_compiler_gnu=yes
ac_cv_fc_dummy_main=none
ac_cv_fc_freeform=-ffree-form
ac_cv_fc_libs=' -L/cvmfs/atlas.cern.ch/repo/sw/atlas-gcc/435/x86_64/slc5/x86_64-slc5-gcc43-opt/bin/../lib/gcc/x86_64-unknown-linux-gnu/4.3.5 -L/cvmfs/atlas.cern.ch/repo/sw/atlas-gcc/435/x86_64/slc5/x86_64-slc5-gcc43-opt/bin/../lib/gcc -L/cvmfs/atlas.cern.ch/repo/sw/atlas-gcc/435/x86_64/slc5/x86_64-slc5-gcc43-opt/bin/../lib/gcc/x86_64-unknown-linux-gnu/4.3.5/../../../../lib64 -L/lib/../lib64 -L/usr/lib/../lib64 -L/cvmfs/atlas.cern.ch/repo/sw/atlas-gcc/435/x86_64/slc5/x86_64-slc5-gcc43-opt/bin/../lib/gcc/x86_64-unknown-linux-gnu/4.3.5/../../.. -lgfortranbegin -lgfortran -lm'
ac_cv_fc_mangling='lower case, underscore, no extra underscore'
ac_cv_file__proc_self_maps=yes
ac_cv_fortran_dummy_main=none
ac_cv_func_dlopen=no
ac_cv_func_shl_load=no
ac_cv_header_dlfcn_h=yes
ac_cv_header_inttypes_h=yes
ac_cv_header_memory_h=yes
ac_cv_header_stdc=yes
ac_cv_header_stdint_h=yes
ac_cv_header_stdlib_h=yes
ac_cv_header_string_h=yes
ac_cv_header_strings_h=yes
ac_cv_header_sys_stat_h=yes
ac_cv_header_sys_types_h=yes
ac_cv_header_unistd_h=yes
ac_cv_host=x86_64-unknown-linux-gnu
ac_cv_lib_dl_dlopen=yes
ac_cv_lib_dld_shl_load=no
ac_cv_objext=o
ac_cv_path_EGREP='/bin/grep -E'
ac_cv_path_FGREP='/bin/grep -F'
ac_cv_path_GREP=/bin/grep
ac_cv_path_SED=/bin/sed
ac_cv_path_install='/usr/bin/install -c'
ac_cv_path_mkdir=/bin/mkdir
ac_cv_prog_AWK=gawk
ac_cv_prog_CPP='gcc -E'
ac_cv_prog_CXXCPP='g++ -E'
ac_cv_prog_ac_ct_AR=ar
ac_cv_prog_ac_ct_CC=gcc
ac_cv_prog_ac_ct_CXX=g++
ac_cv_prog_ac_ct_FC=gfortran
ac_cv_prog_ac_ct_OBJDUMP=objdump
ac_cv_prog_ac_ct_RANLIB=ranlib
ac_cv_prog_ac_ct_STRIP=strip
ac_cv_prog_cc_c89=
ac_cv_prog_cc_g=yes
ac_cv_prog_cxx_g=yes
ac_cv_prog_fc_g=yes
ac_cv_prog_fc_v=-v
ac_cv_prog_make_make_set=yes
am_cv_CC_dependencies_compiler_type=gcc3
am_cv_CXX_dependencies_compiler_type=gcc3
br_cv_binreloc=no
br_cv_valid_prefixes=no
lt_cv_deplibs_check_method=pass_all
lt_cv_dlopen=dlopen
lt_cv_dlopen_libs=-ldl
lt_cv_dlopen_self=yes
lt_cv_dlopen_self_static=no
lt_cv_file_magic_cmd='$MAGIC_CMD'
lt_cv_file_magic_test_file=
lt_cv_ld_reload_flag=-r
lt_cv_nm_interface='BSD nm'
lt_cv_objdir=.libs
lt_cv_path_LD=/usr/bin/ld
lt_cv_path_LDCXX='/usr/bin/ld -m elf_x86_64'
lt_cv_path_NM='/usr/bin/nm -B'
lt_cv_prog_compiler_c_o=yes
lt_cv_prog_compiler_c_o_CXX=yes
lt_cv_prog_compiler_c_o_FC=yes
lt_cv_prog_compiler_pic_works=yes
lt_cv_prog_compiler_pic_works_CXX=yes
lt_cv_prog_compiler_pic_works_FC=yes
lt_cv_prog_compiler_rtti_exceptions=no
lt_cv_prog_compiler_static_works=yes
lt_cv_prog_compiler_static_works_CXX=yes
lt_cv_prog_compiler_static_works_FC=yes
lt_cv_prog_gnu_ld=yes
lt_cv_prog_gnu_ldcxx=yes
lt_cv_sys_global_symbol_pipe='sed -n -e '\''s/^.*[	 ]\([ABCDGIRSTW][ABCDGIRSTW]*\)[	 ][	 ]*\([_A-Za-z][_A-Za-z0-9]*\)$/\1 \2 \2/p'\'''
lt_cv_sys_global_symbol_to_c_name_address='sed -n -e '\''s/^: \([^ ]*\) $/  {\"\1\", (void *) 0},/p'\'' -e '\''s/^[ABCDGIRSTW]* \([^ ]*\) \([^ ]*\)$/  {"\2", (void *) \&\2},/p'\'''
lt_cv_sys_global_symbol_to_c_name_address_lib_prefix='sed -n -e '\''s/^: \([^ ]*\) $/  {\"\1\", (void *) 0},/p'\'' -e '\''s/^[ABCDGIRSTW]* \([^ ]*\) \(lib[^ ]*\)$/  {"\2", (void *) \&\2},/p'\'' -e '\''s/^[ABCDGIRSTW]* \([^ ]*\) \([^ ]*\)$/  {"lib\2", (void *) \&\2},/p'\'''
lt_cv_sys_global_symbol_to_cdecl='sed -n -e '\''s/^T .* \(.*\)$/extern int \1();/p'\'' -e '\''s/^[ABCDGIRSTW]* .* \(.*\)$/extern char \1;/p'\'''
lt_cv_sys_max_cmd_len=98304

## ----------------- ##
## Output variables. ##
## ----------------- ##

ACLOCAL='${SHELL} /home/antonk/lha/lhapdf-5.8.8/config/missing --run aclocal-1.10'
AMDEPBACKSLASH='\'
AMDEP_FALSE='#'
AMDEP_TRUE=''
AMTAR='${SHELL} /home/antonk/lha/lhapdf-5.8.8/config/missing --run tar'
AM_CPPFLAGS=' -I$(top_srcdir)/include -I$(top_builddir)/include -DDEFAULTPREFIXPATH=\"/home/antonk/lha/lhapdf-5.8.8/../LHAPDF\" -DDEFAULTLHAPATH=\"${datarootdir}\" '
AM_CXXFLAGS=' -pedantic  -ansi  -Wall '
AM_FCFLAGS=' -ffree-form '
AM_FFLAGS=' -ffree-form '
AR='ar'
AUTOCONF='${SHELL} /home/antonk/lha/lhapdf-5.8.8/config/missing --run autoconf'
AUTOHEADER='${SHELL} /home/antonk/lha/lhapdf-5.8.8/config/missing --run autoheader'
AUTOMAKE='${SHELL} /home/antonk/lha/lhapdf-5.8.8/config/missing --run automake-1.10'
AWK='gawk'
BINRELOC_CFLAGS=''
BINRELOC_LIBS=''
CC='gcc'
CCDEPMODE='depmode=gcc3'
CFLAGS='-g -O2'
CPP='gcc -E'
CPPFLAGS=''
CXX='g++'
CXXCPP='g++ -E'
CXXDEPMODE='depmode=gcc3'
CXXFLAGS='-g -O2'
CYGPATH_W='echo'
DEFS='-DHAVE_CONFIG_H'
DEPDIR='.deps'
DOXYGEN=''
DSYMUTIL=''
DUMPBIN=''
ECHO_C=''
ECHO_N='-n'
ECHO_T=''
EGREP='/bin/grep -E'
ENABLE_CCWRAP_FALSE='#'
ENABLE_CCWRAP_TRUE=''
ENABLE_LHAGLUE_FALSE=''
ENABLE_LHAGLUE_TRUE='#'
ENABLE_LOWMEM_FALSE='#'
ENABLE_LOWMEM_TRUE=''
ENABLE_OLDCCWRAP_FALSE=''
ENABLE_OLDCCWRAP_TRUE='#'
ENABLE_PYEXT_FALSE=''
ENABLE_PYEXT_TRUE='#'
EXEEXT=''
F77='gfortran'
FC='gfortran'
FCFLAGS='-O2 -ffree-form'
FCLIBS=' -L/cvmfs/atlas.cern.ch/repo/sw/atlas-gcc/435/x86_64/slc5/x86_64-slc5-gcc43-opt/bin/../lib/gcc/x86_64-unknown-linux-gnu/4.3.5 -L/cvmfs/atlas.cern.ch/repo/sw/atlas-gcc/435/x86_64/slc5/x86_64-slc5-gcc43-opt/bin/../lib/gcc -L/cvmfs/atlas.cern.ch/repo/sw/atlas-gcc/435/x86_64/slc5/x86_64-slc5-gcc43-opt/bin/../lib/gcc/x86_64-unknown-linux-gnu/4.3.5/../../../../lib64 -L/lib/../lib64 -L/usr/lib/../lib64 -L/cvmfs/atlas.cern.ch/repo/sw/atlas-gcc/435/x86_64/slc5/x86_64-slc5-gcc43-opt/bin/../lib/gcc/x86_64-unknown-linux-gnu/4.3.5/../../.. -lgfortranbegin -lgfortran -lm'
FFLAGS=' -O2 -ffree-form'
FGREP='/bin/grep -F'
GREP='/bin/grep'
INSTALL_DATA='${INSTALL} -m 644'
INSTALL_PROGRAM='${INSTALL}'
INSTALL_SCRIPT='${INSTALL}'
INSTALL_STRIP_PROGRAM='$(install_sh) -c -s'
LD='/usr/bin/ld -m elf_x86_64'
LDFLAGS=''
LIBOBJS=''
LIBS=''
LIBTOOL='$(SHELL) $(top_builddir)/libtool'
LIPO=''
LN_S='ln -s'
LTLIBOBJS=''
MAKEINFO='${SHELL} /home/antonk/lha/lhapdf-5.8.8/config/missing --run makeinfo'
MKOCTFILE=''
NM='/usr/bin/nm -B'
NMEDIT=''
NMXSET='4'
OBJDUMP='objdump'
OBJEXT='o'
OCTAVE=''
OTOOL64=''
OTOOL=''
PACKAGE='lhapdf'
PACKAGE_BUGREPORT='lhapdf@projects.hepforge.org'
PACKAGE_NAME='LHAPDF'
PACKAGE_STRING='LHAPDF 5.8.8'
PACKAGE_TARNAME='lhapdf'
PACKAGE_VERSION='5.8.8'
PATH_SEPARATOR=':'
PYTHON=''
PYTHON_USE_FALSE=''
PYTHON_USE_TRUE='#'
RANLIB='ranlib'
SED='/bin/sed'
SET_MAKE=''
SHELL='/bin/sh'
STRIP='strip'
SWIG=''
SWVERS=''
USING_WIN32_FALSE=''
USING_WIN32_TRUE='#'
VERSION='5.8.8'
VERSIONFLAGS='-version-info 1:6:5'
WANT_ALEKHIN_FALSE=''
WANT_ALEKHIN_TRUE='#'
WANT_ALL_FALSE=''
WANT_ALL_TRUE='#'
WANT_BOTJE_FALSE=''
WANT_BOTJE_TRUE='#'
WANT_CTEQ_FALSE='#'
WANT_CTEQ_TRUE=''
WANT_FERMI_FALSE=''
WANT_FERMI_TRUE='#'
WANT_GJR_FALSE=''
WANT_GJR_TRUE='#'
WANT_GRV_FALSE=''
WANT_GRV_TRUE='#'
WANT_H1_FALSE=''
WANT_H1_TRUE='#'
WANT_HERA_FALSE='#'
WANT_HERA_TRUE=''
WANT_HKN_FALSE=''
WANT_HKN_TRUE='#'
WANT_MRST06_FALSE=''
WANT_MRST06_TRUE='#'
WANT_MRST98_FALSE=''
WANT_MRST98_TRUE='#'
WANT_MRSTQED_FALSE=''
WANT_MRSTQED_TRUE='#'
WANT_MRST_FALSE=''
WANT_MRST_TRUE='#'
WANT_MSTW_FALSE='#'
WANT_MSTW_TRUE=''
WANT_NNPDF_FALSE='#'
WANT_NNPDF_TRUE=''
WANT_PHOTONS_FALSE=''
WANT_PHOTONS_TRUE='#'
WANT_PIONS_FALSE=''
WANT_PIONS_TRUE='#'
WANT_QCDNUM_FALSE='#'
WANT_QCDNUM_TRUE=''
WANT_USER_FALSE=''
WANT_USER_TRUE='#'
WANT_ZEUS_FALSE=''
WANT_ZEUS_TRUE='#'
WITH_DOXYGEN_FALSE=''
WITH_DOXYGEN_TRUE='#'
WITH_OCTAVE_FALSE=''
WITH_OCTAVE_TRUE='#'
WITH_OSX_FALSE=''
WITH_OSX_TRUE='#'
ac_ct_CC='gcc'
ac_ct_CXX='g++'
ac_ct_DUMPBIN=''
ac_ct_FC='gfortran'
am__fastdepCC_FALSE='#'
am__fastdepCC_TRUE=''
am__fastdepCXX_FALSE='#'
am__fastdepCXX_TRUE=''
am__include='include'
am__isrc=''
am__leading_dot='.'
am__quote=''
am__tar='${AMTAR} chof - "$$tardir"'
am__untar='${AMTAR} xf -'
bindir='${exec_prefix}/bin'
build='x86_64-unknown-linux-gnu'
build_alias=''
build_cpu='x86_64'
build_os='linux-gnu'
build_vendor='unknown'
datadir='${datarootdir}'
datarootdir='${prefix}/share'
docdir='${datarootdir}/doc/${PACKAGE_TARNAME}'
dvidir='${docdir}'
exec_prefix='${prefix}'
host='x86_64-unknown-linux-gnu'
host_alias=''
host_cpu='x86_64'
host_os='linux-gnu'
host_vendor='unknown'
htmldir='${docdir}'
includedir='${prefix}/include'
infodir='${datarootdir}/info'
install_sh='$(SHELL) /home/antonk/lha/lhapdf-5.8.8/config/install-sh'
libdir='${exec_prefix}/lib'
libexecdir='${exec_prefix}/libexec'
localedir='${datarootdir}/locale'
localstatedir='${prefix}/var'
lt_ECHO='echo'
mandir='${datarootdir}/man'
mkdir_p='/bin/mkdir -p'
oldincludedir='/usr/include'
pdfdir='${docdir}'
prefix='/home/antonk/lha/lhapdf-5.8.8/../LHAPDF'
program_transform_name='s,x,x,'
psdir='${docdir}'
sbindir='${exec_prefix}/sbin'
sharedstatedir='${prefix}/com'
sysconfdir='${prefix}/etc'
target_alias=''

## ----------- ##
## confdefs.h. ##
## ----------- ##

#define PACKAGE_NAME "LHAPDF"
#define PACKAGE_TARNAME "lhapdf"
#define PACKAGE_VERSION "5.8.8"
#define PACKAGE_STRING "LHAPDF 5.8.8"
#define PACKAGE_BUGREPORT "lhapdf@projects.hepforge.org"
#define PACKAGE "lhapdf"
#define VERSION "5.8.8"
#define LHAPDF_VERSION "5.8.8"
#define FC_FUNC(name,NAME) name ## _
#define FC_FUNC_(name,NAME) name ## _
#define STDC_HEADERS 1
#define HAVE_SYS_TYPES_H 1
#define HAVE_SYS_STAT_H 1
#define HAVE_STDLIB_H 1
#define HAVE_STRING_H 1
#define HAVE_MEMORY_H 1
#define HAVE_STRINGS_H 1
#define HAVE_INTTYPES_H 1
#define HAVE_STDINT_H 1
#define HAVE_UNISTD_H 1
#define HAVE_DLFCN_H 1
#define LT_OBJDIR ".libs/"
#define LHAPDF_LOWMEM "1"
#define LHAPDF_NMXSET "4"

configure: exit 0
